2019-12-06 09:23:41,473 ERROR 11026 [-/127.0.0.1/-/2ms GET /news] nodejs.TypeError: Cannot read property 'list' of undefined
    at NewsController.list (/Users/enya/Desktop/study/demo-egg/demo2/app/controller/news.js:14:45)
    at Object.callFn (/Users/enya/Desktop/study/demo-egg/demo2/node_modules/egg-core/lib/utils/index.js:44:21)
    at Object.classControllerMiddleware (/Users/enya/Desktop/study/demo-egg/demo2/node_modules/egg-core/lib/loader/mixin/controller.js:87:20)
    at Object.callFn (/Users/enya/Desktop/study/demo-egg/demo2/node_modules/@eggjs/router/lib/utils.js:12:21)
    at wrappedController (/Users/enya/Desktop/study/demo-egg/demo2/node_modules/@eggjs/router/lib/egg_router.js:322:18)
    at dispatch (/Users/enya/Desktop/study/demo-egg/demo2/node_modules/koa-compose/index.js:44:32)
    at next (/Users/enya/Desktop/study/demo-egg/demo2/node_modules/koa-compose/index.js:45:18)
    at /Users/enya/Desktop/study/demo-egg/demo2/node_modules/@eggjs/router/lib/router.js:190:18
    at dispatch (/Users/enya/Desktop/study/demo-egg/demo2/node_modules/koa-compose/index.js:44:32)
    at /Users/enya/Desktop/study/demo-egg/demo2/node_modules/koa-compose/index.js:36:12

pid: 11026
hostname: yuanyedeMacBook-Pro.local

2019-12-06 09:27:34,979 ERROR 11070 [-/127.0.0.1/-/4ms GET /news] nodejs.TypeError: Cannot read property 'news' of undefined
    at NewsController.list (/Users/enya/Desktop/study/demo-egg/demo2/app/controller/news.js:14:39)
    at Object.callFn (/Users/enya/Desktop/study/demo-egg/demo2/node_modules/egg-core/lib/utils/index.js:44:21)
    at Object.classControllerMiddleware (/Users/enya/Desktop/study/demo-egg/demo2/node_modules/egg-core/lib/loader/mixin/controller.js:87:20)
    at Object.callFn (/Users/enya/Desktop/study/demo-egg/demo2/node_modules/@eggjs/router/lib/utils.js:12:21)
    at wrappedController (/Users/enya/Desktop/study/demo-egg/demo2/node_modules/@eggjs/router/lib/egg_router.js:322:18)
    at dispatch (/Users/enya/Desktop/study/demo-egg/demo2/node_modules/koa-compose/index.js:44:32)
    at next (/Users/enya/Desktop/study/demo-egg/demo2/node_modules/koa-compose/index.js:45:18)
    at /Users/enya/Desktop/study/demo-egg/demo2/node_modules/@eggjs/router/lib/router.js:190:18
    at dispatch (/Users/enya/Desktop/study/demo-egg/demo2/node_modules/koa-compose/index.js:44:32)
    at /Users/enya/Desktop/study/demo-egg/demo2/node_modules/koa-compose/index.js:36:12

pid: 11070
hostname: yuanyedeMacBook-Pro.local

