2019-12-05 17:22:51,076 INFO 8392 [egg:logger] init all loggers with options: {"dir":"/Users/enya/Desktop/study/demo-egg/demo2/logs/demo2","encoding":"utf8","env":"local","level":"INFO","consoleLevel":"INFO","disableConsoleAfterReady":false,"outputJSON":false,"buffer":true,"appLogName":"demo2-web.log","coreLogName":"egg-web.log","agentLogName":"egg-agent.log","errorLogName":"common-error.log","coreLogger":{"consoleLevel":"WARN"},"allowDebugAtProd":false,"type":"application"}
2019-12-05 17:22:51,095 INFO 8392 [egg-multipart] stream mode enable
2019-12-05 17:22:51,175 INFO 8392 [egg-static] starting static serve /public/ -> /Users/enya/Desktop/study/demo-egg/demo2/app/public
2019-12-05 17:22:51,178 INFO 8392 [egg-security] use csrf middleware
2019-12-05 17:22:51,179 INFO 8392 [egg-security] use methodnoallow middleware
2019-12-05 17:22:51,179 INFO 8392 [egg-security] use noopen middleware
2019-12-05 17:22:51,180 INFO 8392 [egg-security] use nosniff middleware
2019-12-05 17:22:51,181 INFO 8392 [egg-security] use xssProtection middleware
2019-12-05 17:22:51,182 INFO 8392 [egg-security] use xframe middleware
2019-12-05 17:22:51,183 INFO 8392 [egg-security] use dta middleware
2019-12-05 17:22:51,183 INFO 8392 [egg-security] compose 7 middlewares into one security middleware
2019-12-05 17:22:51,190 INFO 8392 [egg:core] dump config after load, 5ms
2019-12-05 17:22:51,200 INFO 8392 [egg-watcher:application] watcher start success
2019-12-05 17:22:51,205 INFO 8392 [egg:core] dump config after ready, 3ms
2019-12-05 17:32:03,862 INFO 8527 [egg:logger] init all loggers with options: {"dir":"/Users/enya/Desktop/study/demo-egg/demo2/logs/demo2","encoding":"utf8","env":"local","level":"INFO","consoleLevel":"INFO","disableConsoleAfterReady":false,"outputJSON":false,"buffer":true,"appLogName":"demo2-web.log","coreLogName":"egg-web.log","agentLogName":"egg-agent.log","errorLogName":"common-error.log","coreLogger":{"consoleLevel":"WARN"},"allowDebugAtProd":false,"type":"application"}
2019-12-05 17:32:03,880 INFO 8527 [egg-multipart] stream mode enable
2019-12-05 17:32:03,952 INFO 8527 [egg-static] starting static serve /public/ -> /Users/enya/Desktop/study/demo-egg/demo2/app/public
2019-12-05 17:32:03,954 INFO 8527 [egg-security] use csrf middleware
2019-12-05 17:32:03,955 INFO 8527 [egg-security] use methodnoallow middleware
2019-12-05 17:32:03,956 INFO 8527 [egg-security] use noopen middleware
2019-12-05 17:32:03,957 INFO 8527 [egg-security] use nosniff middleware
2019-12-05 17:32:03,959 INFO 8527 [egg-security] use xssProtection middleware
2019-12-05 17:32:03,960 INFO 8527 [egg-security] use xframe middleware
2019-12-05 17:32:03,961 INFO 8527 [egg-security] use dta middleware
2019-12-05 17:32:03,961 INFO 8527 [egg-security] compose 7 middlewares into one security middleware
2019-12-05 17:32:03,971 INFO 8527 [egg:core] dump config after load, 4ms
2019-12-05 17:32:03,985 INFO 8527 [egg-watcher:application] watcher start success
2019-12-05 17:32:03,990 INFO 8527 [egg:core] dump config after ready, 2ms
2019-12-05 17:33:34,326 INFO 8527 [egg-view-nunjucks] loading templates from ["/Users/enya/Desktop/study/demo-egg/demo2/app/view"]
2019-12-05 17:40:10,535 INFO 8627 [egg:logger] init all loggers with options: {"dir":"/Users/enya/Desktop/study/demo-egg/demo2/logs/demo2","encoding":"utf8","env":"local","level":"INFO","consoleLevel":"INFO","disableConsoleAfterReady":false,"outputJSON":false,"buffer":true,"appLogName":"demo2-web.log","coreLogName":"egg-web.log","agentLogName":"egg-agent.log","errorLogName":"common-error.log","coreLogger":{"consoleLevel":"WARN"},"allowDebugAtProd":false,"type":"application"}
2019-12-05 17:40:10,559 INFO 8627 [egg-multipart] stream mode enable
2019-12-05 17:40:10,630 INFO 8627 [egg-static] starting static serve /public/ -> /Users/enya/Desktop/study/demo-egg/demo2/app/public
2019-12-05 17:40:10,632 INFO 8627 [egg-security] use csrf middleware
2019-12-05 17:40:10,633 INFO 8627 [egg-security] use methodnoallow middleware
2019-12-05 17:40:10,634 INFO 8627 [egg-security] use noopen middleware
2019-12-05 17:40:10,635 INFO 8627 [egg-security] use nosniff middleware
2019-12-05 17:40:10,635 INFO 8627 [egg-security] use xssProtection middleware
2019-12-05 17:40:10,636 INFO 8627 [egg-security] use xframe middleware
2019-12-05 17:40:10,637 INFO 8627 [egg-security] use dta middleware
2019-12-05 17:40:10,637 INFO 8627 [egg-security] compose 7 middlewares into one security middleware
2019-12-05 17:40:10,646 INFO 8627 [egg:core] dump config after load, 4ms
2019-12-05 17:40:10,653 INFO 8627 [egg-watcher:application] watcher start success
2019-12-05 17:40:10,657 INFO 8627 [egg:core] dump config after ready, 3ms
2019-12-05 17:45:11,814 INFO 8669 [egg:logger] init all loggers with options: {"dir":"/Users/enya/Desktop/study/demo-egg/demo2/logs/demo2","encoding":"utf8","env":"local","level":"INFO","consoleLevel":"INFO","disableConsoleAfterReady":false,"outputJSON":false,"buffer":true,"appLogName":"demo2-web.log","coreLogName":"egg-web.log","agentLogName":"egg-agent.log","errorLogName":"common-error.log","coreLogger":{"consoleLevel":"WARN"},"allowDebugAtProd":false,"type":"application"}
2019-12-05 17:45:11,836 INFO 8669 [egg-multipart] stream mode enable
2019-12-05 17:45:11,904 INFO 8669 [egg-static] starting static serve /public/ -> /Users/enya/Desktop/study/demo-egg/demo2/app/public
2019-12-05 17:45:11,906 INFO 8669 [egg-security] use csrf middleware
2019-12-05 17:45:11,907 INFO 8669 [egg-security] use methodnoallow middleware
2019-12-05 17:45:11,907 INFO 8669 [egg-security] use noopen middleware
2019-12-05 17:45:11,908 INFO 8669 [egg-security] use nosniff middleware
2019-12-05 17:45:11,909 INFO 8669 [egg-security] use xssProtection middleware
2019-12-05 17:45:11,910 INFO 8669 [egg-security] use xframe middleware
2019-12-05 17:45:11,911 INFO 8669 [egg-security] use dta middleware
2019-12-05 17:45:11,911 INFO 8669 [egg-security] compose 7 middlewares into one security middleware
2019-12-05 17:45:11,919 INFO 8669 [egg:core] dump config after load, 4ms
2019-12-05 17:45:11,925 INFO 8669 [egg-watcher:application] watcher start success
2019-12-05 17:45:11,930 INFO 8669 [egg:core] dump config after ready, 2ms
2019-12-06 09:23:28,267 INFO 11026 [egg:logger] init all loggers with options: {"dir":"/Users/enya/Desktop/study/demo-egg/demo2/logs/demo2","encoding":"utf8","env":"local","level":"INFO","consoleLevel":"INFO","disableConsoleAfterReady":false,"outputJSON":false,"buffer":true,"appLogName":"demo2-web.log","coreLogName":"egg-web.log","agentLogName":"egg-agent.log","errorLogName":"common-error.log","coreLogger":{"consoleLevel":"WARN"},"allowDebugAtProd":false,"type":"application"}
2019-12-06 09:23:28,285 INFO 11026 [egg-multipart] stream mode enable
2019-12-06 09:23:28,310 INFO 11026 [egg-static] starting static serve /public/ -> /Users/enya/Desktop/study/demo-egg/demo2/app/public
2019-12-06 09:23:28,311 INFO 11026 [egg-security] use csrf middleware
2019-12-06 09:23:28,312 INFO 11026 [egg-security] use methodnoallow middleware
2019-12-06 09:23:28,312 INFO 11026 [egg-security] use noopen middleware
2019-12-06 09:23:28,312 INFO 11026 [egg-security] use nosniff middleware
2019-12-06 09:23:28,312 INFO 11026 [egg-security] use xssProtection middleware
2019-12-06 09:23:28,313 INFO 11026 [egg-security] use xframe middleware
2019-12-06 09:23:28,313 INFO 11026 [egg-security] use dta middleware
2019-12-06 09:23:28,313 INFO 11026 [egg-security] compose 7 middlewares into one security middleware
2019-12-06 09:23:28,320 INFO 11026 [egg:core] dump config after load, 4ms
2019-12-06 09:23:28,331 INFO 11026 [egg-watcher:application] watcher start success
2019-12-06 09:23:28,336 INFO 11026 [egg:core] dump config after ready, 3ms
2019-12-06 09:27:29,068 INFO 11070 [egg:logger] init all loggers with options: {"dir":"/Users/enya/Desktop/study/demo-egg/demo2/logs/demo2","encoding":"utf8","env":"local","level":"INFO","consoleLevel":"INFO","disableConsoleAfterReady":false,"outputJSON":false,"buffer":true,"appLogName":"demo2-web.log","coreLogName":"egg-web.log","agentLogName":"egg-agent.log","errorLogName":"common-error.log","coreLogger":{"consoleLevel":"WARN"},"allowDebugAtProd":false,"type":"application"}
2019-12-06 09:27:29,093 INFO 11070 [egg-multipart] stream mode enable
2019-12-06 09:27:29,166 INFO 11070 [egg-static] starting static serve /public/ -> /Users/enya/Desktop/study/demo-egg/demo2/app/public
2019-12-06 09:27:29,168 INFO 11070 [egg-security] use csrf middleware
2019-12-06 09:27:29,169 INFO 11070 [egg-security] use methodnoallow middleware
2019-12-06 09:27:29,169 INFO 11070 [egg-security] use noopen middleware
2019-12-06 09:27:29,170 INFO 11070 [egg-security] use nosniff middleware
2019-12-06 09:27:29,171 INFO 11070 [egg-security] use xssProtection middleware
2019-12-06 09:27:29,172 INFO 11070 [egg-security] use xframe middleware
2019-12-06 09:27:29,173 INFO 11070 [egg-security] use dta middleware
2019-12-06 09:27:29,173 INFO 11070 [egg-security] compose 7 middlewares into one security middleware
2019-12-06 09:27:29,181 INFO 11070 [egg:core] dump config after load, 3ms
2019-12-06 09:27:29,189 INFO 11070 [egg-watcher:application] watcher start success
2019-12-06 09:27:29,193 INFO 11070 [egg:core] dump config after ready, 3ms
2019-12-06 09:27:44,376 INFO 11076 [egg:logger] init all loggers with options: {"dir":"/Users/enya/Desktop/study/demo-egg/demo2/logs/demo2","encoding":"utf8","env":"local","level":"INFO","consoleLevel":"INFO","disableConsoleAfterReady":false,"outputJSON":false,"buffer":true,"appLogName":"demo2-web.log","coreLogName":"egg-web.log","agentLogName":"egg-agent.log","errorLogName":"common-error.log","coreLogger":{"consoleLevel":"WARN"},"allowDebugAtProd":false,"type":"application"}
2019-12-06 09:27:44,397 INFO 11076 [egg-multipart] stream mode enable
2019-12-06 09:27:44,465 INFO 11076 [egg-static] starting static serve /public/ -> /Users/enya/Desktop/study/demo-egg/demo2/app/public
2019-12-06 09:27:44,467 INFO 11076 [egg-security] use csrf middleware
2019-12-06 09:27:44,468 INFO 11076 [egg-security] use methodnoallow middleware
2019-12-06 09:27:44,468 INFO 11076 [egg-security] use noopen middleware
2019-12-06 09:27:44,469 INFO 11076 [egg-security] use nosniff middleware
2019-12-06 09:27:44,470 INFO 11076 [egg-security] use xssProtection middleware
2019-12-06 09:27:44,471 INFO 11076 [egg-security] use xframe middleware
2019-12-06 09:27:44,472 INFO 11076 [egg-security] use dta middleware
2019-12-06 09:27:44,472 INFO 11076 [egg-security] compose 7 middlewares into one security middleware
2019-12-06 09:27:44,480 INFO 11076 [egg:core] dump config after load, 4ms
2019-12-06 09:27:44,487 INFO 11076 [egg-watcher:application] watcher start success
2019-12-06 09:27:44,491 INFO 11076 [egg:core] dump config after ready, 3ms
