2019-12-05 17:22:51,209 INFO 8387 [Timer] /Users/enya/Desktop/study/demo-egg/demo2/node_modules/egg-multipart/app/schedule/clean_tmpdir.js next time will execute after 40028793ms at 2019-12-06 04:30:00.002
2019-12-05 17:22:51,210 INFO 8387 [Timer] /Users/enya/Desktop/study/demo-egg/demo2/node_modules/egg-logrotator/app/schedule/clean_log.js next time will execute after 23828791ms at 2019-12-06 00:00:00.000
2019-12-05 17:22:51,210 INFO 8387 [Timer] /Users/enya/Desktop/study/demo-egg/demo2/node_modules/egg-logrotator/app/schedule/rotate_by_file.js next time will execute after 23829790ms at 2019-12-06 00:00:01.000
2019-12-05 17:22:51,094 INFO 8392 [egg-schedule]: register schedule /Users/enya/Desktop/study/demo-egg/demo2/node_modules/egg-multipart/app/schedule/clean_tmpdir.js
2019-12-05 17:22:51,094 INFO 8392 [egg-schedule]: register schedule /Users/enya/Desktop/study/demo-egg/demo2/node_modules/egg-logrotator/app/schedule/clean_log.js
2019-12-05 17:22:51,094 INFO 8392 [egg-schedule]: register schedule /Users/enya/Desktop/study/demo-egg/demo2/node_modules/egg-logrotator/app/schedule/rotate_by_file.js
2019-12-05 17:32:03,995 INFO 8526 [Timer] /Users/enya/Desktop/study/demo-egg/demo2/node_modules/egg-multipart/app/schedule/clean_tmpdir.js next time will execute after 39476007ms at 2019-12-06 04:30:00.002
2019-12-05 17:32:03,996 INFO 8526 [Timer] /Users/enya/Desktop/study/demo-egg/demo2/node_modules/egg-logrotator/app/schedule/clean_log.js next time will execute after 23276004ms at 2019-12-06 00:00:00.000
2019-12-05 17:32:03,996 INFO 8526 [Timer] /Users/enya/Desktop/study/demo-egg/demo2/node_modules/egg-logrotator/app/schedule/rotate_by_file.js next time will execute after 23277004ms at 2019-12-06 00:00:01.000
2019-12-05 17:32:03,880 INFO 8527 [egg-schedule]: register schedule /Users/enya/Desktop/study/demo-egg/demo2/node_modules/egg-multipart/app/schedule/clean_tmpdir.js
2019-12-05 17:32:03,880 INFO 8527 [egg-schedule]: register schedule /Users/enya/Desktop/study/demo-egg/demo2/node_modules/egg-logrotator/app/schedule/clean_log.js
2019-12-05 17:32:03,880 INFO 8527 [egg-schedule]: register schedule /Users/enya/Desktop/study/demo-egg/demo2/node_modules/egg-logrotator/app/schedule/rotate_by_file.js
2019-12-05 17:40:10,559 INFO 8627 [egg-schedule]: register schedule /Users/enya/Desktop/study/demo-egg/demo2/node_modules/egg-multipart/app/schedule/clean_tmpdir.js
2019-12-05 17:40:10,559 INFO 8627 [egg-schedule]: register schedule /Users/enya/Desktop/study/demo-egg/demo2/node_modules/egg-logrotator/app/schedule/clean_log.js
2019-12-05 17:40:10,559 INFO 8627 [egg-schedule]: register schedule /Users/enya/Desktop/study/demo-egg/demo2/node_modules/egg-logrotator/app/schedule/rotate_by_file.js
2019-12-05 17:45:11,835 INFO 8669 [egg-schedule]: register schedule /Users/enya/Desktop/study/demo-egg/demo2/node_modules/egg-multipart/app/schedule/clean_tmpdir.js
2019-12-05 17:45:11,835 INFO 8669 [egg-schedule]: register schedule /Users/enya/Desktop/study/demo-egg/demo2/node_modules/egg-logrotator/app/schedule/clean_log.js
2019-12-05 17:45:11,835 INFO 8669 [egg-schedule]: register schedule /Users/enya/Desktop/study/demo-egg/demo2/node_modules/egg-logrotator/app/schedule/rotate_by_file.js
2019-12-06 09:23:28,340 INFO 11025 [Timer] /Users/enya/Desktop/study/demo-egg/demo2/node_modules/egg-multipart/app/schedule/clean_tmpdir.js next time will execute after 68791662ms at 2019-12-07 04:30:00.002
2019-12-06 09:23:28,340 INFO 11025 [Timer] /Users/enya/Desktop/study/demo-egg/demo2/node_modules/egg-logrotator/app/schedule/clean_log.js next time will execute after 52591660ms at 2019-12-07 00:00:00.000
2019-12-06 09:23:28,341 INFO 11025 [Timer] /Users/enya/Desktop/study/demo-egg/demo2/node_modules/egg-logrotator/app/schedule/rotate_by_file.js next time will execute after 52592660ms at 2019-12-07 00:00:01.001
2019-12-06 09:23:28,284 INFO 11026 [egg-schedule]: register schedule /Users/enya/Desktop/study/demo-egg/demo2/node_modules/egg-multipart/app/schedule/clean_tmpdir.js
2019-12-06 09:23:28,284 INFO 11026 [egg-schedule]: register schedule /Users/enya/Desktop/study/demo-egg/demo2/node_modules/egg-logrotator/app/schedule/clean_log.js
2019-12-06 09:23:28,284 INFO 11026 [egg-schedule]: register schedule /Users/enya/Desktop/study/demo-egg/demo2/node_modules/egg-logrotator/app/schedule/rotate_by_file.js
2019-12-06 09:27:29,092 INFO 11070 [egg-schedule]: register schedule /Users/enya/Desktop/study/demo-egg/demo2/node_modules/egg-multipart/app/schedule/clean_tmpdir.js
2019-12-06 09:27:29,092 INFO 11070 [egg-schedule]: register schedule /Users/enya/Desktop/study/demo-egg/demo2/node_modules/egg-logrotator/app/schedule/clean_log.js
2019-12-06 09:27:29,092 INFO 11070 [egg-schedule]: register schedule /Users/enya/Desktop/study/demo-egg/demo2/node_modules/egg-logrotator/app/schedule/rotate_by_file.js
2019-12-06 09:27:44,397 INFO 11076 [egg-schedule]: register schedule /Users/enya/Desktop/study/demo-egg/demo2/node_modules/egg-multipart/app/schedule/clean_tmpdir.js
2019-12-06 09:27:44,397 INFO 11076 [egg-schedule]: register schedule /Users/enya/Desktop/study/demo-egg/demo2/node_modules/egg-logrotator/app/schedule/clean_log.js
2019-12-06 09:27:44,397 INFO 11076 [egg-schedule]: register schedule /Users/enya/Desktop/study/demo-egg/demo2/node_modules/egg-logrotator/app/schedule/rotate_by_file.js
